  [1m[35m (131.2ms)[0m  [1m[35mCREATE DATABASE "myapp_development" ENCODING = 'unicode'[0m
  [1m[35m (85.3ms)[0m  [1m[35mCREATE DATABASE "myapp_test" ENCODING = 'unicode'[0m
Started GET "/" for ::1 at 2023-06-13 00:20:22 -0500
Processing by Rails::WelcomeController#index as HTML
  Rendering /Users/aishwaryayerram/.rvm/gems/ruby-3.2.2/gems/railties-7.0.5/lib/rails/templates/rails/welcome/index.html.erb
  Rendered /Users/aishwaryayerram/.rvm/gems/ruby-3.2.2/gems/railties-7.0.5/lib/rails/templates/rails/welcome/index.html.erb (Duration: 1.2ms | Allocations: 634)
Completed 200 OK in 15ms (Views: 4.0ms | ActiveRecord: 0.0ms | Allocations: 7356)


Started GET "/" for ::1 at 2023-06-14 02:19:26 -0500
Processing by Rails::WelcomeController#index as HTML
  Rendering /Users/aishwaryayerram/.rvm/gems/ruby-3.2.2/gems/railties-7.0.5/lib/rails/templates/rails/welcome/index.html.erb
  Rendered /Users/aishwaryayerram/.rvm/gems/ruby-3.2.2/gems/railties-7.0.5/lib/rails/templates/rails/welcome/index.html.erb (Duration: 0.6ms | Allocations: 490)
Completed 200 OK in 5ms (Views: 1.4ms | ActiveRecord: 0.0ms | Allocations: 4223)


Started GET "/" for ::1 at 2023-06-14 02:35:46 -0500
Processing by HomeController#index as HTML
  Rendering layout layouts/application.html.erb
  Rendering home/index.html.haml within layouts/application
  Rendered home/index.html.haml within layouts/application (Duration: 3.5ms | Allocations: 7550)
  Rendered layout layouts/application.html.erb (Duration: 490.0ms | Allocations: 325460)
Completed 200 OK in 496ms (Views: 491.3ms | ActiveRecord: 0.0ms | Allocations: 329383)


Started GET "/" for ::1 at 2023-06-14 02:37:07 -0500
Processing by HomeController#index as HTML
  Rendering layout layouts/application.html.erb
  Rendering home/index.html.haml within layouts/application
  Rendered home/index.html.haml within layouts/application (Duration: 4.4ms | Allocations: 2020)
  Rendered layout layouts/application.html.erb (Duration: 10.0ms | Allocations: 3492)
Completed 200 OK in 17ms (Views: 14.0ms | ActiveRecord: 0.0ms | Allocations: 4301)


